Version string: neon 0.36.0: Library build, IPv6, libxml 2.15.1, zlib 1.3.1, OpenSSL 3.6.0 1 Oct 2025 (thread-safe).
litmus: Parsing URI http://127.0.0.1:8000/dav/...
******* Running test 0: begin ********
HTTP session to http://127.0.0.1:8000 begins.
sess: Using IP literal address for 127.0.0.1
HTTP session to http://127.0.0.1:8000 begins.
sess: Using IP literal address for 127.0.0.1
auth: Create for WWW-Authenticate
Running pre_send hooks
Sending request headers:
DELETE /dav/litmus/ HTTP/1.1
User-Agent: litmus/0.17 neon/0.36.0
Keep-Alive: 
Connection: TE, Keep-Alive
TE: trailers
Host: 127.0.0.1:8000
X-Litmus: basic: 0 (begin)

Sending request-line and headers:
req: Connecting to 127.0.0.1:8000
req: Destroy (DELETE /dav/litmus/).
Running destroy hooks.
auth: Create for WWW-Authenticate
Running pre_send hooks
Sending request headers:
MKCOL /dav/litmus/ HTTP/1.1
User-Agent: litmus/0.17 neon/0.36.0
Keep-Alive: 
Connection: TE, Keep-Alive
TE: trailers
Host: 127.0.0.1:8000
X-Litmus: basic: 0 (begin)

Sending request-line and headers:
req: Connecting to 127.0.0.1:8000
req: Destroy (MKCOL /dav/litmus/).
Running destroy hooks.
Version string: neon 0.36.0: Library build, IPv6, libxml 2.15.1, zlib 1.3.1, OpenSSL 3.6.0 1 Oct 2025 (thread-safe).
litmus: Parsing URI http://127.0.0.1:8000/dav/...
******* Running test 0: begin ********
HTTP session to http://127.0.0.1:8000 begins.
sess: Using IP literal address for 127.0.0.1
HTTP session to http://127.0.0.1:8000 begins.
sess: Using IP literal address for 127.0.0.1
auth: Create for WWW-Authenticate
Running pre_send hooks
Sending request headers:
DELETE /dav/litmus/ HTTP/1.1
User-Agent: litmus/0.17 neon/0.36.0
Keep-Alive: 
Connection: TE, Keep-Alive
TE: trailers
Host: 127.0.0.1:8000
X-Litmus: basic: 0 (begin)

Sending request-line and headers:
req: Connecting to 127.0.0.1:8000
Request sent; retry is 0.
req: Line: HTTP/1.1 404 Not Found
req: Line: Date: Mon, 16 Feb 2026 04:42:53 GMT
req: Header: [date] = [Mon, 16 Feb 2026 04:42:53 GMT]
req: Line: Server: WSGIServer/0.2 CPython/3.12.12
req: Header: [server] = [WSGIServer/0.2 CPython/3.12.12]
req: Line: Content-Type: text/html; charset=utf-8
req: Header: [content-type] = [text/html; charset=utf-8]
req: Line: X-Frame-Options: DENY
req: Header: [x-frame-options] = [DENY]
req: Line: Content-Length: 4330
req: Header: [content-length] = [4330]
req: Line: X-Content-Type-Options: nosniff
req: Header: [x-content-type-options] = [nosniff]
req: Line: Referrer-Policy: same-origin
req: Header: [referrer-policy] = [same-origin]
req: Line: Cross-Origin-Opener-Policy: same-origin
req: Header: [cross-origin-opener-policy] = [same-origin]
req: Line: 
req: End of headers.
Running post_headers hooks
req: Reading 4330 bytes of response body.
Got 4330 bytes.
Read block (4330 bytes):
[<!DOCTYPE html>
<html lang="en">
<head>
  <meta http-equiv="content-type" content="text/html; charset=utf-8">
  <title>Page not found at /dav/litmus/</title>
  <meta name="robots" content="NONE,NOARCHIVE">
  <style>
    html * { padding:0; margin:0; }
    body * { padding:10px 20px; }
    body * * { padding:0; }
    body { font-family: sans-serif; background:#eee; color:#000; }
    body > :where(header, main, footer) { border-bottom:1px solid #ddd; }
    h1 { font-weight:normal; margin-bottom:.4em; }
    h1 small { font-size:60%; color:#666; font-weight:normal; }
    table { border:none; border-collapse: collapse; width:100%; }
    td, th { vertical-align:top; padding:2px 3px; }
    th { width:12em; text-align:right; color:#666; padding-right:.5em; }
    #info { background:#f6f6f6; }
    #info ol { margin: 0.5em 4em; }
    #info ol li { font-family: monospace; }
    #summary { background: #ffc; }
    #explanation { background:#eee; border-bottom: 0px none; }
    pre.exception_value { font-family: sans-serif; color: #575757; font-size: 1.5em; margin: 10px 0 10px 0; }
  </style>
</head>
<body>
  <header id="summary">
    <h1>Page not found <small>(404)</small></h1>
    
    <table class="meta">
      <tr>
        <th scope="row">Request Method:</th>
        <td>DELETE</td>
      </tr>
      <tr>
        <th scope="row">Request URL:</th>
        <td>http://127.0.0.1:8000/dav/litmus/</td>
      </tr>
      
    </table>
  </header>

  <main id="info">
    
      <p>
      Using the URLconf defined in <code>config.urls</code>,
      Django tried these URL patterns, in this order:
      </p>
      <ol>
        
          <li>
            
              <code>
                
                [name='home']
              </code>
            
          </li>
        
          <li>
            
              <code>
                accounts/
                
              </code>
            
          </li>
        
          <li>
            
              <code>
                calendars/
                
              </code>
            
          </li>
        
          <li>
            
              <code>
                .well-known/caldav
                [name='well-known-caldav']
              </code>
            
          </li>
        
          <li>
            
              <code>
                dav/
                
              </code>
            
              <code>
                
                [name='root']
              </code>
            
          </li>
        
          <li>
            
              <code>
                dav/
                
              </code>
            
              <code>
                principals/&lt;str:username&gt;/
                [name='principal']
              </code>
            
          </li>
        
          <li>
            
              <code>
                dav/
                
              </code>
            
              <code>
                calendars/&lt;str:username&gt;/
                [name='calendar-home']
              </code>
            
          </li>
        
          <li>
            
              <code>
                dav/
                
              </code>
            
              <code>
                calendars/&lt;str:username&gt;/&lt;slug:slug&gt;/
                [name='calendar-collection']
              </code>
            
          </li>
        
          <li>
            
              <code>
                dav/
                
              </code>
            
              <code>
                calendars/&lt;str:username&gt;/&lt;slug:slug&gt;/&lt;str:filename&gt;
                [name='calendar-object']
              </code>
            
          </li>
        
          <li>
            
              <code>
                admin/
                
              </code>
            
          </li>
        
      </ol>
      <p>
        
          The current path, <code>dav/litmus/</code>,
        
        didn’t match any of these.
      </p>
    
  </main>

  <footer id="explanation">
    <p>
      You’re seeing this error because you have <code>DEBUG = True</code> in
      your Django settings file. Change that to <code>False</code>, and Django
      will display a standard 404 page.
    </p>
  </footer>
</body>
</html>
]
req: Reading 0 bytes of response body.
Running post_send hooks
auth: Post-send (#0), code is 404 (want 401), WWW-Authenticate is (none)
req: Destroy (DELETE /dav/litmus/).
Running destroy hooks.
auth: Create for WWW-Authenticate
Running pre_send hooks
Sending request headers:
MKCOL /dav/litmus/ HTTP/1.1
User-Agent: litmus/0.17 neon/0.36.0
Connection: TE
TE: trailers
Host: 127.0.0.1:8000
X-Litmus: basic: 0 (begin)

Sending request-line and headers:
Request sent; retry is 1.
req: Line: HTTP/1.1 404 Not Found
req: Line: Date: Mon, 16 Feb 2026 04:42:53 GMT
req: Header: [date] = [Mon, 16 Feb 2026 04:42:53 GMT]
req: Line: Server: WSGIServer/0.2 CPython/3.12.12
req: Header: [server] = [WSGIServer/0.2 CPython/3.12.12]
req: Line: Content-Type: text/html; charset=utf-8
req: Header: [content-type] = [text/html; charset=utf-8]
req: Line: X-Frame-Options: DENY
req: Header: [x-frame-options] = [DENY]
req: Line: Content-Length: 4329
req: Header: [content-length] = [4329]
req: Line: X-Content-Type-Options: nosniff
req: Header: [x-content-type-options] = [nosniff]
req: Line: Referrer-Policy: same-origin
req: Header: [referrer-policy] = [same-origin]
req: Line: Cross-Origin-Opener-Policy: same-origin
req: Header: [cross-origin-opener-policy] = [same-origin]
req: Line: 
req: End of headers.
Running post_headers hooks
req: Reading 4329 bytes of response body.
Got 3828 bytes.
Read block (3828 bytes):
[<!DOCTYPE html>
<html lang="en">
<head>
  <meta http-equiv="content-type" content="text/html; charset=utf-8">
  <title>Page not found at /dav/litmus/</title>
  <meta name="robots" content="NONE,NOARCHIVE">
  <style>
    html * { padding:0; margin:0; }
    body * { padding:10px 20px; }
    body * * { padding:0; }
    body { font-family: sans-serif; background:#eee; color:#000; }
    body > :where(header, main, footer) { border-bottom:1px solid #ddd; }
    h1 { font-weight:normal; margin-bottom:.4em; }
    h1 small { font-size:60%; color:#666; font-weight:normal; }
    table { border:none; border-collapse: collapse; width:100%; }
    td, th { vertical-align:top; padding:2px 3px; }
    th { width:12em; text-align:right; color:#666; padding-right:.5em; }
    #info { background:#f6f6f6; }
    #info ol { margin: 0.5em 4em; }
    #info ol li { font-family: monospace; }
    #summary { background: #ffc; }
    #explanation { background:#eee; border-bottom: 0px none; }
    pre.exception_value { font-family: sans-serif; color: #575757; font-size: 1.5em; margin: 10px 0 10px 0; }
  </style>
</head>
<body>
  <header id="summary">
    <h1>Page not found <small>(404)</small></h1>
    
    <table class="meta">
      <tr>
        <th scope="row">Request Method:</th>
        <td>MKCOL</td>
      </tr>
      <tr>
        <th scope="row">Request URL:</th>
        <td>http://127.0.0.1:8000/dav/litmus/</td>
      </tr>
      
    </table>
  </header>

  <main id="info">
    
      <p>
      Using the URLconf defined in <code>config.urls</code>,
      Django tried these URL patterns, in this order:
      </p>
      <ol>
        
          <li>
            
              <code>
                
                [name='home']
              </code>
            
          </li>
        
          <li>
            
              <code>
                accounts/
                
              </code>
            
          </li>
        
          <li>
            
              <code>
                calendars/
                
              </code>
            
          </li>
        
          <li>
            
              <code>
                .well-known/caldav
                [name='well-known-caldav']
              </code>
            
          </li>
        
          <li>
            
              <code>
                dav/
                
              </code>
            
              <code>
                
                [name='root']
              </code>
            
          </li>
        
          <li>
            
              <code>
                dav/
                
              </code>
            
              <code>
                principals/&lt;str:username&gt;/
                [name='principal']
              </code>
            
          </li>
        
          <li>
            
              <code>
                dav/
                
              </code>
            
              <code>
                calendars/&lt;str:username&gt;/
                [name='calendar-home']
              </code>
            
          </li>
        
          <li>
            
              <code>
                dav/
                
              </code>
            
              <code>
                calendars/&lt;str:username&gt;/&lt;slug:slug&gt;/
                [name='calendar-collection']
              </code>
            
          </li>
        
          <li>
            
              <code>
                dav/
                
              </code>
            
              <code>
                calendars/&lt;str:username&gt;/&lt;slug:slug&gt;/&lt;str:filename&gt;
                [name='calendar-object']
              </code>
            
          </li>
        
          <li>
            
              <code>
                admin/
     ]
req: Reading 501 bytes of response body.
Got 501 bytes.
Read block (501 bytes):
[           
              </code>
            
          </li>
        
      </ol>
      <p>
        
          The current path, <code>dav/litmus/</code>,
        
        didn’t match any of these.
      </p>
    
  </main>

  <footer id="explanation">
    <p>
      You’re seeing this error because you have <code>DEBUG = True</code> in
      your Django settings file. Change that to <code>False</code>, and Django
      will display a standard 404 page.
    </p>
  </footer>
</body>
</html>
]
req: Reading 0 bytes of response body.
Running post_send hooks
auth: Post-send (#0), code is 404 (want 401), WWW-Authenticate is (none)
req: Destroy (MKCOL /dav/litmus/).
Running destroy hooks.
